timestamp: 2019-10-24T17:43:56.796287
CREATE TABLE "auth_user"(
    "id" INTEGER PRIMARY KEY AUTOINCREMENT,
    "first_name" CHAR(128),
    "last_name" CHAR(128),
    "email" CHAR(512),
    "password" CHAR(512),
    "registration_key" CHAR(512),
    "reset_password_key" CHAR(512),
    "registration_id" CHAR(512)
);
success!
timestamp: 2019-10-24T17:43:56.867650
CREATE TABLE "auth_group"(
    "id" INTEGER PRIMARY KEY AUTOINCREMENT,
    "role" CHAR(512),
    "description" TEXT
);
success!
timestamp: 2019-10-24T17:43:56.926522
CREATE TABLE "auth_membership"(
    "id" INTEGER PRIMARY KEY AUTOINCREMENT,
    "user_id" INTEGER REFERENCES "auth_user" ("id") ON DELETE CASCADE  ,
    "group_id" INTEGER REFERENCES "auth_group" ("id") ON DELETE CASCADE  
);
success!
timestamp: 2019-10-24T17:43:56.956798
CREATE TABLE "auth_permission"(
    "id" INTEGER PRIMARY KEY AUTOINCREMENT,
    "group_id" INTEGER REFERENCES "auth_group" ("id") ON DELETE CASCADE  ,
    "name" CHAR(512),
    "table_name" CHAR(512),
    "record_id" INTEGER
);
success!
timestamp: 2019-10-24T17:43:57.007211
CREATE TABLE "auth_event"(
    "id" INTEGER PRIMARY KEY AUTOINCREMENT,
    "time_stamp" TIMESTAMP,
    "client_ip" CHAR(512),
    "user_id" INTEGER REFERENCES "auth_user" ("id") ON DELETE CASCADE  ,
    "origin" CHAR(512),
    "description" TEXT
);
success!
timestamp: 2019-10-24T17:43:57.038786
CREATE TABLE "auth_cas"(
    "id" INTEGER PRIMARY KEY AUTOINCREMENT,
    "user_id" INTEGER REFERENCES "auth_user" ("id") ON DELETE CASCADE  ,
    "created_on" TIMESTAMP,
    "service" CHAR(512),
    "ticket" CHAR(512),
    "renew" CHAR(1)
);
success!
timestamp: 2019-10-24T17:52:48.602939
CREATE TABLE "wiki_page"(
    "id" INTEGER PRIMARY KEY AUTOINCREMENT,
    "slug" CHAR(512),
    "title" CHAR(255) UNIQUE,
    "body" TEXT NOT NULL,
    "tags" TEXT,
    "can_read" TEXT,
    "can_edit" TEXT,
    "changelog" CHAR(512),
    "html" TEXT,
    "render" CHAR(512),
    "is_active" CHAR(1),
    "created_on" TIMESTAMP,
    "created_by" INTEGER REFERENCES "auth_user" ("id") ON DELETE CASCADE  ,
    "modified_on" TIMESTAMP,
    "modified_by" INTEGER REFERENCES "auth_user" ("id") ON DELETE CASCADE  
);
success!
timestamp: 2019-10-24T17:52:48.698113
CREATE TABLE "wiki_tag"(
    "id" INTEGER PRIMARY KEY AUTOINCREMENT,
    "name" CHAR(512),
    "wiki_page" INTEGER REFERENCES "wiki_page" ("id") ON DELETE CASCADE  ,
    "is_active" CHAR(1),
    "created_on" TIMESTAMP,
    "created_by" INTEGER REFERENCES "auth_user" ("id") ON DELETE CASCADE  ,
    "modified_on" TIMESTAMP,
    "modified_by" INTEGER REFERENCES "auth_user" ("id") ON DELETE CASCADE  
);
success!
timestamp: 2019-10-24T17:52:48.799698
CREATE TABLE "wiki_media"(
    "id" INTEGER PRIMARY KEY AUTOINCREMENT,
    "wiki_page" INTEGER REFERENCES "wiki_page" ("id") ON DELETE CASCADE  ,
    "title" CHAR(512),
    "filename" CHAR(512),
    "is_active" CHAR(1),
    "created_on" TIMESTAMP,
    "created_by" INTEGER REFERENCES "auth_user" ("id") ON DELETE CASCADE  ,
    "modified_on" TIMESTAMP,
    "modified_by" INTEGER REFERENCES "auth_user" ("id") ON DELETE CASCADE  
);
success!
timestamp: 2019-10-24T21:41:22.326975
CREATE TABLE "shroom_attr"(
    "id" INTEGER PRIMARY KEY AUTOINCREMENT,
    "cap_shape" CHAR(512),
    "cap_surface" CHAR(512),
    "cap_color" CHAR(512),
    "bruises" CHAR(512),
    "odor" CHAR(512),
    "gill_attachment" CHAR(512),
    "gill_spacing" CHAR(512),
    "gill_size" CHAR(512),
    "gill_color" CHAR(512),
    "stalk_shape" CHAR(512),
    "stalk_root" CHAR(512),
    "stalk_surface_above_ring" CHAR(512),
    "stalk_surface_below_ring" CHAR(512),
    "stalk_color_above_ring" CHAR(512),
    "stalk_color_below_ring" CHAR(512),
    "veil_type" CHAR(512),
    "veil_color" CHAR(512),
    "ring_number" CHAR(512),
    "ring_type" CHAR(512),
    "spore_print_color" CHAR(512),
    "population" CHAR(512),
    "habitat" CHAR(512)
);
success!
timestamp: 2019-10-24T21:42:22.478900
ALTER TABLE "shroom_attr" ADD "prediction" CHAR(512);
success!
timestamp: 2019-10-24T21:48:22.615630
ALTER TABLE "shroom_attr" ADD "source_tracking" CHAR(512);
success!
